<?xml version="1.0" encoding="UTF-8"?>
<testsuite name="ScrabbleTest" tests="2" skipped="0" failures="0" errors="0" timestamp="2017-03-15T21:36:45" hostname="Epicodus-7D.local" time="0.001">
  <properties/>
  <testcase name="runScrabble_returnScoreForDifferentSingleLetter_ArrayList" classname="ScrabbleTest" time="0.001"/>
  <testcase name="runScrabble_returnScoreForSingleLetter_ArrayList" classname="ScrabbleTest" time="0.0"/>
  <system-out><![CDATA[]]></system-out>
  <system-err><![CDATA[]]></system-err>
</testsuite>
