<?xml version="1.0" encoding="UTF-8"?>
<testsuite name="ScrabbleTest" tests="4" skipped="0" failures="0" errors="0" timestamp="2017-03-15T22:41:21" hostname="Epicodus-7D.local" time="0.002">
  <properties/>
  <testcase name="runScrabble_returnScoreForLongerWord_ArrayList" classname="ScrabbleTest" time="0.001"/>
  <testcase name="runScrabble_returnScoreForWord_ArrayList" classname="ScrabbleTest" time="0.0"/>
  <testcase name="runScrabble_returnScoreForDifferentSingleLetter_ArrayList" classname="ScrabbleTest" time="0.0"/>
  <testcase name="runScrabble_returnScoreForSingleLetter_ArrayList" classname="ScrabbleTest" time="0.0"/>
  <system-out><![CDATA[]]></system-out>
  <system-err><![CDATA[]]></system-err>
</testsuite>
